2019/04/08 17:03:45 [INFO] Terraform version: 0.11.13  
2019/04/08 17:03:45 [INFO] Go runtime version: go1.12
2019/04/08 17:03:45 [INFO] CLI args: []string{"/usr/local/Cellar/terraform/0.11.13/bin/terraform", "apply"}
2019/04/08 17:03:45 [DEBUG] Attempting to open CLI config file: /Users/vinay/.terraformrc
2019/04/08 17:03:45 [DEBUG] File doesn't exist, but doesn't need to. Ignoring.
2019/04/08 17:03:45 [INFO] CLI command args: []string{"apply"}
2019/04/08 17:03:45 [INFO] command: empty terraform config, returning nil
2019/04/08 17:03:45 [DEBUG] command: no data state file found for backend config
2019/04/08 17:03:45 [DEBUG] New state was assigned lineage "1dbe836f-5365-c742-9bdd-8f3642e55f35"
2019/04/08 17:03:45 [INFO] command: backend initialized: <nil>
2019/04/08 17:03:45 [DEBUG] checking for provider in "."
2019/04/08 17:03:45 [WARN] found legacy provider "terraform-provider-box"
2019/04/08 17:03:45 [WARN] found legacy provider "terraform-provider-example"
2019/04/08 17:03:45 [DEBUG] checking for provider in "/usr/local/Cellar/terraform/0.11.13/bin"
2019/04/08 17:03:45 [DEBUG] checking for provider in ".terraform/plugins/darwin_amd64"
2019/04/08 17:03:45 [DEBUG] found valid plugin: "box", "0.0.0", "/Users/vinay/Documents/projects/terraform/week3/terraform-provider-box"
2019/04/08 17:03:45 [DEBUG] found valid plugin: "example", "0.0.0", "/Users/vinay/Documents/projects/terraform/week3/terraform-provider-example"
2019/04/08 17:03:45 [DEBUG] checking for provisioner in "."
2019/04/08 17:03:45 [DEBUG] checking for provisioner in "/usr/local/Cellar/terraform/0.11.13/bin"
2019/04/08 17:03:45 [DEBUG] checking for provisioner in ".terraform/plugins/darwin_amd64"
2019/04/08 17:03:45 [INFO] command: backend <nil> is not enhanced, wrapping in local
2019/04/08 17:03:45 [INFO] backend/local: starting Apply operation
2019/04/08 17:03:45 [DEBUG] New state was assigned lineage "fbca1bdd-b64f-39ef-f081-3eedef1c431e"
2019/04/08 17:03:45 [INFO] terraform: building graph: GraphTypeInput
2019/04/08 17:03:45 [TRACE] ConfigTransformer: Starting for path: []
2019/04/08 17:03:45 [TRACE] Graph after step *terraform.ConfigTransformer:

box_folder.vinayv9 - *terraform.NodeAbstractResource
2019/04/08 17:03:45 [TRACE] Graph after step *terraform.LocalTransformer:

box_folder.vinayv9 - *terraform.NodeAbstractResource
2019/04/08 17:03:45 [TRACE] Graph after step *terraform.OutputTransformer:

box_folder.vinayv9 - *terraform.NodeAbstractResource
2019/04/08 17:03:45 [TRACE] Graph after step *terraform.OrphanResourceTransformer:

box_folder.vinayv9 - *terraform.NodeAbstractResource
2019/04/08 17:03:45 [TRACE] Graph after step *terraform.OrphanOutputTransformer:

box_folder.vinayv9 - *terraform.NodeAbstractResource
2019/04/08 17:03:45 [TRACE] AttachResourceConfigTransformer: Beginning...
2019/04/08 17:03:45 [TRACE] AttachResourceConfigTransformer: Attach resource config request: box_folder.vinayv9
2019/04/08 17:03:45 [TRACE] Attaching resource config: &config.Resource{Mode:0, Name:"vinayv9", Type:"box_folder", RawCount:(*config.RawConfig)(0xc000120230), RawConfig:(*config.RawConfig)(0xc0001201c0), Provisioners:[]*config.Provisioner(nil), Provider:"", DependsOn:[]string(nil), Lifecycle:config.ResourceLifecycle{CreateBeforeDestroy:false, PreventDestroy:false, IgnoreChanges:[]string(nil)}}
2019/04/08 17:03:45 [TRACE] Graph after step *terraform.AttachResourceConfigTransformer:

box_folder.vinayv9 - *terraform.NodeAbstractResource
2019/04/08 17:03:45 [DEBUG] Resource state not found for "box_folder.vinayv9": box_folder.vinayv9
2019/04/08 17:03:45 [TRACE] Graph after step *terraform.AttachStateTransformer:

box_folder.vinayv9 - *terraform.NodeAbstractResource
2019/04/08 17:03:45 [TRACE] Graph after step *terraform.RootVariableTransformer:

box_folder.vinayv9 - *terraform.NodeAbstractResource
2019/04/08 17:03:45 [TRACE] ProviderConfigTransformer: Starting for path: []
2019/04/08 17:03:45 [TRACE] Attach provider request: []string{} box
2019/04/08 17:03:45 [TRACE] Attaching provider config: *config.ProviderConfig{Name:"box", Alias:"", Version:"", RawConfig:(*config.RawConfig)(0xc000120150)}
2019/04/08 17:03:45 [TRACE] Graph after step *terraform.ProviderConfigTransformer:

box_folder.vinayv9 - *terraform.NodeAbstractResource
provider.box - *terraform.NodeApplyableProvider
2019/04/08 17:03:45 [TRACE] Graph after step *terraform.MissingProviderTransformer:

box_folder.vinayv9 - *terraform.NodeAbstractResource
provider.box - *terraform.NodeApplyableProvider
2019/04/08 17:03:45 [DEBUG] resource box_folder.vinayv9 using provider provider.box
2019/04/08 17:03:45 [TRACE] Graph after step *terraform.ProviderTransformer:

box_folder.vinayv9 - *terraform.NodeAbstractResource
  provider.box - *terraform.NodeApplyableProvider
provider.box - *terraform.NodeApplyableProvider
2019/04/08 17:03:45 [TRACE] Graph after step *terraform.PruneProviderTransformer:

box_folder.vinayv9 - *terraform.NodeAbstractResource
  provider.box - *terraform.NodeApplyableProvider
provider.box - *terraform.NodeApplyableProvider
2019/04/08 17:03:45 [TRACE] Graph after step *terraform.ParentProviderTransformer:

box_folder.vinayv9 - *terraform.NodeAbstractResource
  provider.box - *terraform.NodeApplyableProvider
provider.box - *terraform.NodeApplyableProvider
2019/04/08 17:03:45 [TRACE] Graph after step *terraform.graphTransformerMulti:

box_folder.vinayv9 - *terraform.NodeAbstractResource
  provider.box - *terraform.NodeApplyableProvider
provider.box - *terraform.NodeApplyableProvider
2019/04/08 17:03:45 [TRACE] Graph after step *terraform.ModuleVariableTransformer:

box_folder.vinayv9 - *terraform.NodeAbstractResource
  provider.box - *terraform.NodeApplyableProvider
provider.box - *terraform.NodeApplyableProvider
2019/04/08 17:03:45 [TRACE] Graph after step *terraform.RemovedModuleTransformer:

box_folder.vinayv9 - *terraform.NodeAbstractResource
  provider.box - *terraform.NodeApplyableProvider
provider.box - *terraform.NodeApplyableProvider
2019/04/08 17:03:45 [DEBUG] ReferenceTransformer: "box_folder.vinayv9" references: []
2019/04/08 17:03:45 [DEBUG] ReferenceTransformer: "provider.box" references: []
2019/04/08 17:03:45 [TRACE] Graph after step *terraform.ReferenceTransformer:

box_folder.vinayv9 - *terraform.NodeAbstractResource
  provider.box - *terraform.NodeApplyableProvider
provider.box - *terraform.NodeApplyableProvider
2019/04/08 17:03:45 [TRACE] Graph after step *terraform.CountBoundaryTransformer:

box_folder.vinayv9 - *terraform.NodeAbstractResource
  provider.box - *terraform.NodeApplyableProvider
meta.count-boundary (count boundary fixup) - *terraform.NodeCountBoundary
  box_folder.vinayv9 - *terraform.NodeAbstractResource
  provider.box - *terraform.NodeApplyableProvider
provider.box - *terraform.NodeApplyableProvider
2019/04/08 17:03:45 [TRACE] Graph after step *terraform.TargetsTransformer:

box_folder.vinayv9 - *terraform.NodeAbstractResource
  provider.box - *terraform.NodeApplyableProvider
meta.count-boundary (count boundary fixup) - *terraform.NodeCountBoundary
  box_folder.vinayv9 - *terraform.NodeAbstractResource
  provider.box - *terraform.NodeApplyableProvider
provider.box - *terraform.NodeApplyableProvider
2019/04/08 17:03:45 [TRACE] Graph after step *terraform.CloseProviderTransformer:

box_folder.vinayv9 - *terraform.NodeAbstractResource
  provider.box - *terraform.NodeApplyableProvider
meta.count-boundary (count boundary fixup) - *terraform.NodeCountBoundary
  box_folder.vinayv9 - *terraform.NodeAbstractResource
  provider.box - *terraform.NodeApplyableProvider
provider.box - *terraform.NodeApplyableProvider
provider.box (close) - *terraform.graphNodeCloseProvider
  box_folder.vinayv9 - *terraform.NodeAbstractResource
  provider.box - *terraform.NodeApplyableProvider
2019/04/08 17:03:45 [TRACE] Graph after step *terraform.CloseProvisionerTransformer:

box_folder.vinayv9 - *terraform.NodeAbstractResource
  provider.box - *terraform.NodeApplyableProvider
meta.count-boundary (count boundary fixup) - *terraform.NodeCountBoundary
  box_folder.vinayv9 - *terraform.NodeAbstractResource
  provider.box - *terraform.NodeApplyableProvider
provider.box - *terraform.NodeApplyableProvider
provider.box (close) - *terraform.graphNodeCloseProvider
  box_folder.vinayv9 - *terraform.NodeAbstractResource
  provider.box - *terraform.NodeApplyableProvider
2019/04/08 17:03:45 [TRACE] Graph after step *terraform.RootTransformer:

box_folder.vinayv9 - *terraform.NodeAbstractResource
  provider.box - *terraform.NodeApplyableProvider
meta.count-boundary (count boundary fixup) - *terraform.NodeCountBoundary
  box_folder.vinayv9 - *terraform.NodeAbstractResource
  provider.box - *terraform.NodeApplyableProvider
provider.box - *terraform.NodeApplyableProvider
provider.box (close) - *terraform.graphNodeCloseProvider
  box_folder.vinayv9 - *terraform.NodeAbstractResource
  provider.box - *terraform.NodeApplyableProvider
root - terraform.graphNodeRoot
  meta.count-boundary (count boundary fixup) - *terraform.NodeCountBoundary
  provider.box (close) - *terraform.graphNodeCloseProvider
2019/04/08 17:03:45 [TRACE] Graph after step *terraform.TransitiveReductionTransformer:

box_folder.vinayv9 - *terraform.NodeAbstractResource
  provider.box - *terraform.NodeApplyableProvider
meta.count-boundary (count boundary fixup) - *terraform.NodeCountBoundary
  box_folder.vinayv9 - *terraform.NodeAbstractResource
provider.box - *terraform.NodeApplyableProvider
provider.box (close) - *terraform.graphNodeCloseProvider
  box_folder.vinayv9 - *terraform.NodeAbstractResource
root - terraform.graphNodeRoot
  meta.count-boundary (count boundary fixup) - *terraform.NodeCountBoundary
  provider.box (close) - *terraform.graphNodeCloseProvider
2019/04/08 17:03:45 [DEBUG] Starting graph walk: walkInput
2019/04/08 17:03:45 [TRACE] dag/walk: added new vertex: "root"
2019/04/08 17:03:45 [TRACE] dag/walk: added new vertex: "box_folder.vinayv9"
2019/04/08 17:03:45 [TRACE] dag/walk: added new vertex: "provider.box"
2019/04/08 17:03:45 [TRACE] dag/walk: added new vertex: "meta.count-boundary (count boundary fixup)"
2019/04/08 17:03:45 [TRACE] dag/walk: added new vertex: "provider.box (close)"
2019/04/08 17:03:45 [TRACE] dag/walk: added edge: "box_folder.vinayv9" waiting on "provider.box"
2019/04/08 17:03:45 [TRACE] dag/walk: added edge: "meta.count-boundary (count boundary fixup)" waiting on "box_folder.vinayv9"
2019/04/08 17:03:45 [TRACE] dag/walk: added edge: "provider.box (close)" waiting on "box_folder.vinayv9"
2019/04/08 17:03:45 [TRACE] dag/walk: added edge: "root" waiting on "meta.count-boundary (count boundary fixup)"
2019/04/08 17:03:45 [TRACE] dag/walk: added edge: "root" waiting on "provider.box (close)"
2019/04/08 17:03:45 [TRACE] dag/walk: dependencies changed for "provider.box (close)", sending new deps
2019/04/08 17:03:45 [TRACE] dag/walk: dependencies changed for "root", sending new deps
2019/04/08 17:03:45 [TRACE] dag/walk: dependencies changed for "box_folder.vinayv9", sending new deps
2019/04/08 17:03:45 [TRACE] dag/walk: dependencies changed for "meta.count-boundary (count boundary fixup)", sending new deps
2019/04/08 17:03:45 [TRACE] dag/walk: walking "provider.box"
2019/04/08 17:03:45 [TRACE] vertex 'root.provider.box': walking
2019/04/08 17:03:45 [TRACE] vertex 'root.provider.box': evaluating
2019/04/08 17:03:45 [TRACE] [walkInput] Entering eval tree: provider.box
2019/04/08 17:03:45 [TRACE] root: eval: *terraform.EvalSequence
2019/04/08 17:03:45 [TRACE] root: eval: *terraform.EvalInitProvider
2019-04-08T17:03:45.714+0530 [DEBUG] plugin: starting plugin: path=/Users/vinay/Documents/projects/terraform/week3/terraform-provider-box args=[/Users/vinay/Documents/projects/terraform/week3/terraform-provider-box]
2019-04-08T17:03:45.724+0530 [DEBUG] plugin: waiting for RPC address: path=/Users/vinay/Documents/projects/terraform/week3/terraform-provider-box
2019-04-08T17:03:45.740+0530 [DEBUG] plugin.terraform-provider-box: plugin address: timestamp=2019-04-08T17:03:45.740+0530 address=/var/folders/hn/p9g9b1vd6c38tg8m62455fqm0000gn/T/plugin245715375 network=unix
2019/04/08 17:03:45 [TRACE] root: eval: *terraform.EvalOpFilter
2019/04/08 17:03:45 [TRACE] root: eval: *terraform.EvalSequence
2019/04/08 17:03:45 [TRACE] root: eval: *terraform.EvalGetProvider
2019/04/08 17:03:45 [TRACE] root: eval: *terraform.EvalInterpolateProvider
2019/04/08 17:03:45 [TRACE] root: eval: *terraform.EvalBuildProviderConfig
2019/04/08 17:03:45 [TRACE] root: eval: *terraform.EvalInputProvider
2019/04/08 17:03:45 [TRACE] root: eval: terraform.EvalNoop
2019/04/08 17:03:45 [TRACE] root: eval: terraform.EvalNoop
2019/04/08 17:03:45 [TRACE] root: eval: terraform.EvalNoop
2019/04/08 17:03:45 [TRACE] [walkInput] Exiting eval tree: provider.box
2019/04/08 17:03:45 [TRACE] dag/walk: walking "box_folder.vinayv9"
2019/04/08 17:03:45 [TRACE] vertex 'root.box_folder.vinayv9': walking
2019/04/08 17:03:45 [TRACE] dag/walk: walking "provider.box (close)"
2019/04/08 17:03:45 [TRACE] vertex 'root.provider.box (close)': walking
2019/04/08 17:03:45 [TRACE] vertex 'root.provider.box (close)': evaluating
2019/04/08 17:03:45 [TRACE] dag/walk: walking "meta.count-boundary (count boundary fixup)"
2019/04/08 17:03:45 [TRACE] vertex 'root.meta.count-boundary (count boundary fixup)': walking
2019/04/08 17:03:45 [TRACE] vertex 'root.meta.count-boundary (count boundary fixup)': evaluating
2019/04/08 17:03:45 [TRACE] [walkInput] Entering eval tree: meta.count-boundary (count boundary fixup)
2019/04/08 17:03:45 [TRACE] [walkInput] Entering eval tree: provider.box (close)
2019/04/08 17:03:45 [TRACE] root: eval: *terraform.EvalCountFixZeroOneBoundaryGlobal
2019/04/08 17:03:45 [TRACE] root: eval: *terraform.EvalCloseProvider
2019/04/08 17:03:45 [TRACE] [walkInput] Exiting eval tree: meta.count-boundary (count boundary fixup)
2019/04/08 17:03:45 [TRACE] [walkInput] Exiting eval tree: provider.box (close)
2019/04/08 17:03:45 [TRACE] dag/walk: walking "root"
2019/04/08 17:03:45 [TRACE] vertex 'root.root': walking
2019/04/08 17:03:45 [INFO] terraform: building graph: GraphTypeValidate
2019/04/08 17:03:45 [TRACE] ConfigTransformer: Starting for path: []
2019/04/08 17:03:45 [TRACE] Graph after step *terraform.ConfigTransformer:

box_folder.vinayv9 - *terraform.NodeValidatableResource
2019/04/08 17:03:45 [TRACE] Graph after step *terraform.LocalTransformer:

box_folder.vinayv9 - *terraform.NodeValidatableResource
2019/04/08 17:03:45 [TRACE] Graph after step *terraform.OutputTransformer:

box_folder.vinayv9 - *terraform.NodeValidatableResource
2019/04/08 17:03:45 [TRACE] Graph after step *terraform.OrphanResourceTransformer:

box_folder.vinayv9 - *terraform.NodeValidatableResource
2019/04/08 17:03:45 [TRACE] Graph after step *terraform.OrphanOutputTransformer:

box_folder.vinayv9 - *terraform.NodeValidatableResource
2019/04/08 17:03:45 [TRACE] AttachResourceConfigTransformer: Beginning...
2019/04/08 17:03:45 [TRACE] AttachResourceConfigTransformer: Attach resource config request: box_folder.vinayv9
2019/04/08 17:03:45 [TRACE] Attaching resource config: &config.Resource{Mode:0, Name:"vinayv9", Type:"box_folder", RawCount:(*config.RawConfig)(0xc000120230), RawConfig:(*config.RawConfig)(0xc0001201c0), Provisioners:[]*config.Provisioner(nil), Provider:"", DependsOn:[]string(nil), Lifecycle:config.ResourceLifecycle{CreateBeforeDestroy:false, PreventDestroy:false, IgnoreChanges:[]string(nil)}}
2019/04/08 17:03:45 [TRACE] Graph after step *terraform.AttachResourceConfigTransformer:

box_folder.vinayv9 - *terraform.NodeValidatableResource
2019/04/08 17:03:45 [DEBUG] Resource state not found for "box_folder.vinayv9": box_folder.vinayv9
2019/04/08 17:03:45 [TRACE] Graph after step *terraform.AttachStateTransformer:

box_folder.vinayv9 - *terraform.NodeValidatableResource
2019/04/08 17:03:45 [TRACE] Graph after step *terraform.RootVariableTransformer:

box_folder.vinayv9 - *terraform.NodeValidatableResource
2019/04/08 17:03:45 [TRACE] ProviderConfigTransformer: Starting for path: []
2019/04/08 17:03:45 [TRACE] Attach provider request: []string{} box
2019/04/08 17:03:45 [TRACE] Attaching provider config: *config.ProviderConfig{Name:"box", Alias:"", Version:"", RawConfig:(*config.RawConfig)(0xc000120150)}
2019/04/08 17:03:45 [TRACE] Graph after step *terraform.ProviderConfigTransformer:

box_folder.vinayv9 - *terraform.NodeValidatableResource
provider.box - *terraform.NodeApplyableProvider
2019/04/08 17:03:45 [TRACE] Graph after step *terraform.MissingProviderTransformer:

box_folder.vinayv9 - *terraform.NodeValidatableResource
provider.box - *terraform.NodeApplyableProvider
2019/04/08 17:03:45 [DEBUG] resource box_folder.vinayv9 using provider provider.box
2019/04/08 17:03:45 [TRACE] Graph after step *terraform.ProviderTransformer:

box_folder.vinayv9 - *terraform.NodeValidatableResource
  provider.box - *terraform.NodeApplyableProvider
provider.box - *terraform.NodeApplyableProvider
2019/04/08 17:03:45 [TRACE] Graph after step *terraform.PruneProviderTransformer:

box_folder.vinayv9 - *terraform.NodeValidatableResource
  provider.box - *terraform.NodeApplyableProvider
provider.box - *terraform.NodeApplyableProvider
2019/04/08 17:03:45 [TRACE] Graph after step *terraform.ParentProviderTransformer:

box_folder.vinayv9 - *terraform.NodeValidatableResource
  provider.box - *terraform.NodeApplyableProvider
provider.box - *terraform.NodeApplyableProvider
2019/04/08 17:03:45 [TRACE] Graph after step *terraform.graphTransformerMulti:

box_folder.vinayv9 - *terraform.NodeValidatableResource
  provider.box - *terraform.NodeApplyableProvider
provider.box - *terraform.NodeApplyableProvider
2019/04/08 17:03:45 [TRACE] Graph after step *terraform.MissingProvisionerTransformer:

box_folder.vinayv9 - *terraform.NodeValidatableResource
  provider.box - *terraform.NodeApplyableProvider
provider.box - *terraform.NodeApplyableProvider
2019/04/08 17:03:45 [TRACE] Graph after step *terraform.ProvisionerTransformer:

box_folder.vinayv9 - *terraform.NodeValidatableResource
  provider.box - *terraform.NodeApplyableProvider
provider.box - *terraform.NodeApplyableProvider
2019/04/08 17:03:45 [TRACE] Graph after step *terraform.graphTransformerMulti:

box_folder.vinayv9 - *terraform.NodeValidatableResource
  provider.box - *terraform.NodeApplyableProvider
provider.box - *terraform.NodeApplyableProvider
2019/04/08 17:03:45 [TRACE] Graph after step *terraform.ModuleVariableTransformer:

box_folder.vinayv9 - *terraform.NodeValidatableResource
  provider.box - *terraform.NodeApplyableProvider
provider.box - *terraform.NodeApplyableProvider
2019/04/08 17:03:45 [TRACE] Graph after step *terraform.RemovedModuleTransformer:

box_folder.vinayv9 - *terraform.NodeValidatableResource
  provider.box - *terraform.NodeApplyableProvider
provider.box - *terraform.NodeApplyableProvider
2019/04/08 17:03:45 [DEBUG] ReferenceTransformer: "box_folder.vinayv9" references: []
2019/04/08 17:03:45 [DEBUG] ReferenceTransformer: "provider.box" references: []
2019/04/08 17:03:45 [TRACE] Graph after step *terraform.ReferenceTransformer:

box_folder.vinayv9 - *terraform.NodeValidatableResource
  provider.box - *terraform.NodeApplyableProvider
provider.box - *terraform.NodeApplyableProvider
2019/04/08 17:03:45 [TRACE] Graph after step *terraform.CountBoundaryTransformer:

box_folder.vinayv9 - *terraform.NodeValidatableResource
  provider.box - *terraform.NodeApplyableProvider
meta.count-boundary (count boundary fixup) - *terraform.NodeCountBoundary
  box_folder.vinayv9 - *terraform.NodeValidatableResource
  provider.box - *terraform.NodeApplyableProvider
provider.box - *terraform.NodeApplyableProvider
2019/04/08 17:03:45 [TRACE] Graph after step *terraform.TargetsTransformer:

box_folder.vinayv9 - *terraform.NodeValidatableResource
  provider.box - *terraform.NodeApplyableProvider
meta.count-boundary (count boundary fixup) - *terraform.NodeCountBoundary
  box_folder.vinayv9 - *terraform.NodeValidatableResource
  provider.box - *terraform.NodeApplyableProvider
provider.box - *terraform.NodeApplyableProvider
2019/04/08 17:03:45 [TRACE] Graph after step *terraform.CloseProviderTransformer:

box_folder.vinayv9 - *terraform.NodeValidatableResource
  provider.box - *terraform.NodeApplyableProvider
meta.count-boundary (count boundary fixup) - *terraform.NodeCountBoundary
  box_folder.vinayv9 - *terraform.NodeValidatableResource
  provider.box - *terraform.NodeApplyableProvider
provider.box - *terraform.NodeApplyableProvider
provider.box (close) - *terraform.graphNodeCloseProvider
  box_folder.vinayv9 - *terraform.NodeValidatableResource
  provider.box - *terraform.NodeApplyableProvider
2019/04/08 17:03:45 [TRACE] Graph after step *terraform.CloseProvisionerTransformer:

box_folder.vinayv9 - *terraform.NodeValidatableResource
  provider.box - *terraform.NodeApplyableProvider
meta.count-boundary (count boundary fixup) - *terraform.NodeCountBoundary
  box_folder.vinayv9 - *terraform.NodeValidatableResource
  provider.box - *terraform.NodeApplyableProvider
provider.box - *terraform.NodeApplyableProvider
provider.box (close) - *terraform.graphNodeCloseProvider
  box_folder.vinayv9 - *terraform.NodeValidatableResource
  provider.box - *terraform.NodeApplyableProvider
2019/04/08 17:03:45 [TRACE] Graph after step *terraform.RootTransformer:

box_folder.vinayv9 - *terraform.NodeValidatableResource
  provider.box - *terraform.NodeApplyableProvider
meta.count-boundary (count boundary fixup) - *terraform.NodeCountBoundary
  box_folder.vinayv9 - *terraform.NodeValidatableResource
  provider.box - *terraform.NodeApplyableProvider
provider.box - *terraform.NodeApplyableProvider
provider.box (close) - *terraform.graphNodeCloseProvider
  box_folder.vinayv9 - *terraform.NodeValidatableResource
  provider.box - *terraform.NodeApplyableProvider
root - terraform.graphNodeRoot
  meta.count-boundary (count boundary fixup) - *terraform.NodeCountBoundary
  provider.box (close) - *terraform.graphNodeCloseProvider
2019/04/08 17:03:45 [TRACE] Graph after step *terraform.TransitiveReductionTransformer:

box_folder.vinayv9 - *terraform.NodeValidatableResource
  provider.box - *terraform.NodeApplyableProvider
meta.count-boundary (count boundary fixup) - *terraform.NodeCountBoundary
  box_folder.vinayv9 - *terraform.NodeValidatableResource
provider.box - *terraform.NodeApplyableProvider
provider.box (close) - *terraform.graphNodeCloseProvider
  box_folder.vinayv9 - *terraform.NodeValidatableResource
root - terraform.graphNodeRoot
  meta.count-boundary (count boundary fixup) - *terraform.NodeCountBoundary
  provider.box (close) - *terraform.graphNodeCloseProvider
2019/04/08 17:03:45 [DEBUG] Starting graph walk: walkValidate
2019/04/08 17:03:45 [TRACE] dag/walk: added new vertex: "root"
2019/04/08 17:03:45 [TRACE] dag/walk: added new vertex: "box_folder.vinayv9"
2019/04/08 17:03:45 [TRACE] dag/walk: added new vertex: "provider.box"
2019/04/08 17:03:45 [TRACE] dag/walk: added new vertex: "meta.count-boundary (count boundary fixup)"
2019/04/08 17:03:45 [TRACE] dag/walk: added new vertex: "provider.box (close)"
2019/04/08 17:03:45 [TRACE] dag/walk: added edge: "root" waiting on "meta.count-boundary (count boundary fixup)"
2019/04/08 17:03:45 [TRACE] dag/walk: added edge: "root" waiting on "provider.box (close)"
2019/04/08 17:03:45 [TRACE] dag/walk: added edge: "box_folder.vinayv9" waiting on "provider.box"
2019/04/08 17:03:45 [TRACE] dag/walk: added edge: "meta.count-boundary (count boundary fixup)" waiting on "box_folder.vinayv9"
2019/04/08 17:03:45 [TRACE] dag/walk: added edge: "provider.box (close)" waiting on "box_folder.vinayv9"
2019/04/08 17:03:45 [TRACE] dag/walk: dependencies changed for "provider.box (close)", sending new deps
2019/04/08 17:03:45 [TRACE] dag/walk: dependencies changed for "root", sending new deps
2019/04/08 17:03:45 [TRACE] dag/walk: dependencies changed for "box_folder.vinayv9", sending new deps
2019/04/08 17:03:45 [TRACE] dag/walk: dependencies changed for "meta.count-boundary (count boundary fixup)", sending new deps
2019/04/08 17:03:45 [TRACE] dag/walk: walking "provider.box"
2019/04/08 17:03:45 [TRACE] vertex 'root.provider.box': walking
2019/04/08 17:03:45 [TRACE] vertex 'root.provider.box': evaluating
2019/04/08 17:03:45 [TRACE] [walkValidate] Entering eval tree: provider.box
2019/04/08 17:03:45 [TRACE] root: eval: *terraform.EvalSequence
2019/04/08 17:03:45 [TRACE] root: eval: *terraform.EvalInitProvider
2019/04/08 17:03:45 [TRACE] root: eval: terraform.EvalNoop
2019/04/08 17:03:45 [TRACE] root: eval: *terraform.EvalOpFilter
2019/04/08 17:03:45 [TRACE] root: eval: *terraform.EvalSequence
2019/04/08 17:03:45 [TRACE] root: eval: *terraform.EvalGetProvider
2019/04/08 17:03:45 [TRACE] root: eval: *terraform.EvalInterpolateProvider
2019/04/08 17:03:45 [TRACE] root: eval: *terraform.EvalBuildProviderConfig
2019/04/08 17:03:45 [TRACE] root: eval: *terraform.EvalValidateProvider
2019/04/08 17:03:45 [TRACE] root: eval: terraform.EvalNoop
2019/04/08 17:03:45 [TRACE] root: eval: terraform.EvalNoop
2019/04/08 17:03:45 [TRACE] [walkValidate] Exiting eval tree: provider.box
2019/04/08 17:03:45 [TRACE] dag/walk: walking "box_folder.vinayv9"
2019/04/08 17:03:45 [TRACE] vertex 'root.box_folder.vinayv9': walking
2019/04/08 17:03:45 [TRACE] vertex 'root.box_folder.vinayv9': evaluating
2019/04/08 17:03:45 [TRACE] [walkValidate] Entering eval tree: box_folder.vinayv9
2019/04/08 17:03:45 [TRACE] root: eval: *terraform.EvalSequence
2019/04/08 17:03:45 [TRACE] root: eval: *terraform.EvalInterpolate
2019/04/08 17:03:45 [TRACE] root: eval: *terraform.EvalIf
2019/04/08 17:03:45 [TRACE] root: eval: *terraform.EvalValidateCount
2019/04/08 17:03:45 [TRACE] root: eval: *terraform.EvalCountFixZeroOneBoundary
2019/04/08 17:03:45 [TRACE] [walkValidate] Exiting eval tree: box_folder.vinayv9
2019/04/08 17:03:45 [TRACE] vertex 'root.box_folder.vinayv9': expanding/walking dynamic subgraph
2019/04/08 17:03:45 [TRACE] Graph after step *terraform.ResourceCountTransformer:

box_folder.vinayv9 - *terraform.NodeValidatableResourceInstance
2019/04/08 17:03:45 [DEBUG] Resource state not found for "box_folder.vinayv9": box_folder.vinayv9
2019/04/08 17:03:45 [TRACE] Graph after step *terraform.AttachStateTransformer:

box_folder.vinayv9 - *terraform.NodeValidatableResourceInstance
2019/04/08 17:03:45 [TRACE] Graph after step *terraform.TargetsTransformer:

box_folder.vinayv9 - *terraform.NodeValidatableResourceInstance
2019/04/08 17:03:45 [DEBUG] ReferenceTransformer: "box_folder.vinayv9" references: []
2019/04/08 17:03:45 [TRACE] Graph after step *terraform.ReferenceTransformer:

box_folder.vinayv9 - *terraform.NodeValidatableResourceInstance
2019/04/08 17:03:45 [TRACE] Graph after step *terraform.RootTransformer:

box_folder.vinayv9 - *terraform.NodeValidatableResourceInstance
2019/04/08 17:03:45 [TRACE] dag/walk: added new vertex: "box_folder.vinayv9"
2019/04/08 17:03:45 [TRACE] dag/walk: walking "box_folder.vinayv9"
2019/04/08 17:03:45 [TRACE] vertex 'root.box_folder.vinayv9': walking
2019/04/08 17:03:45 [TRACE] vertex 'root.box_folder.vinayv9': evaluating
2019/04/08 17:03:45 [TRACE] [walkValidate] Entering eval tree: box_folder.vinayv9
2019/04/08 17:03:45 [TRACE] root: eval: *terraform.EvalSequence
2019/04/08 17:03:45 [TRACE] root: eval: *terraform.EvalValidateResourceSelfRef
2019/04/08 17:03:45 [TRACE] root: eval: *terraform.EvalGetProvider
2019/04/08 17:03:45 [TRACE] root: eval: *terraform.EvalInterpolate
2019/04/08 17:03:45 [TRACE] root: eval: *terraform.EvalValidateResource
2019/04/08 17:03:45 [TRACE] [walkValidate] Exiting eval tree: box_folder.vinayv9
2019/04/08 17:03:45 [TRACE] dag/walk: walking "provider.box (close)"
2019/04/08 17:03:45 [TRACE] vertex 'root.provider.box (close)': walking
2019/04/08 17:03:45 [TRACE] dag/walk: walking "meta.count-boundary (count boundary fixup)"
2019/04/08 17:03:45 [TRACE] vertex 'root.meta.count-boundary (count boundary fixup)': walking
2019/04/08 17:03:45 [TRACE] vertex 'root.provider.box (close)': evaluating
2019/04/08 17:03:45 [TRACE] vertex 'root.meta.count-boundary (count boundary fixup)': evaluating
2019/04/08 17:03:45 [TRACE] [walkValidate] Entering eval tree: provider.box (close)
2019/04/08 17:03:45 [TRACE] root: eval: *terraform.EvalCloseProvider
2019/04/08 17:03:45 [TRACE] [walkValidate] Entering eval tree: meta.count-boundary (count boundary fixup)
2019/04/08 17:03:45 [TRACE] root: eval: *terraform.EvalCountFixZeroOneBoundaryGlobal
2019/04/08 17:03:45 [TRACE] [walkValidate] Exiting eval tree: meta.count-boundary (count boundary fixup)
2019/04/08 17:03:45 [TRACE] [walkValidate] Exiting eval tree: provider.box (close)
2019/04/08 17:03:45 [TRACE] dag/walk: walking "root"
2019/04/08 17:03:45 [TRACE] vertex 'root.root': walking
2019/04/08 17:03:45 [INFO] backend/local: apply calling Refresh
2019/04/08 17:03:45 [INFO] terraform: building graph: GraphTypeRefresh
2019/04/08 17:03:45 [TRACE] No managed resources in state during refresh, skipping managed resource transformer
2019/04/08 17:03:45 [TRACE] ConfigTransformer: Starting for path: []
2019/04/08 17:03:45 [TRACE] Graph after step *terraform.ConfigTransformer:

2019/04/08 17:03:45 [TRACE] Graph after step *terraform.OrphanResourceTransformer:

2019/04/08 17:03:45 [TRACE] Graph after step *terraform.AttachStateTransformer:

2019/04/08 17:03:45 [TRACE] AttachResourceConfigTransformer: Beginning...
2019/04/08 17:03:45 [TRACE] Graph after step *terraform.AttachResourceConfigTransformer:

2019/04/08 17:03:45 [TRACE] Graph after step *terraform.RootVariableTransformer:

2019/04/08 17:03:45 [TRACE] ProviderConfigTransformer: Starting for path: []
2019/04/08 17:03:45 [TRACE] Attach provider request: []string{} box
2019/04/08 17:03:45 [TRACE] Attaching provider config: *config.ProviderConfig{Name:"box", Alias:"", Version:"", RawConfig:(*config.RawConfig)(0xc000120150)}
2019/04/08 17:03:45 [TRACE] Graph after step *terraform.ProviderConfigTransformer:

provider.box - *terraform.NodeApplyableProvider
2019/04/08 17:03:45 [TRACE] Graph after step *terraform.MissingProviderTransformer:

provider.box - *terraform.NodeApplyableProvider
2019/04/08 17:03:45 [TRACE] Graph after step *terraform.ProviderTransformer:

provider.box - *terraform.NodeApplyableProvider
2019/04/08 17:03:45 [DEBUG] pruning unused provider provider.box
2019/04/08 17:03:45 [TRACE] Graph after step *terraform.PruneProviderTransformer:

2019/04/08 17:03:45 [TRACE] Graph after step *terraform.ParentProviderTransformer:

2019/04/08 17:03:45 [TRACE] Graph after step *terraform.graphTransformerMulti:

2019/04/08 17:03:45 [TRACE] Graph after step *terraform.LocalTransformer:

2019/04/08 17:03:45 [TRACE] Graph after step *terraform.OutputTransformer:

2019/04/08 17:03:45 [TRACE] Graph after step *terraform.ModuleVariableTransformer:

2019/04/08 17:03:45 [TRACE] Graph after step *terraform.ReferenceTransformer:

2019/04/08 17:03:45 [TRACE] Graph after step *terraform.TargetsTransformer:

2019/04/08 17:03:45 [TRACE] Graph after step *terraform.CloseProviderTransformer:

2019/04/08 17:03:45 [TRACE] Graph after step *terraform.RootTransformer:

root - terraform.graphNodeRoot
2019/04/08 17:03:45 [TRACE] Graph after step *terraform.TransitiveReductionTransformer:

root - terraform.graphNodeRoot
2019/04/08 17:03:45 [DEBUG] Starting graph walk: walkRefresh
2019/04/08 17:03:45 [TRACE] dag/walk: added new vertex: "root"
2019/04/08 17:03:45 [TRACE] dag/walk: walking "root"
2019/04/08 17:03:45 [TRACE] vertex 'root.root': walking
2019/04/08 17:03:45 [INFO] backend/local: apply calling Plan
2019/04/08 17:03:45 [INFO] terraform: building graph: GraphTypePlan
2019/04/08 17:03:45 [TRACE] ConfigTransformer: Starting for path: []
2019/04/08 17:03:45 [TRACE] Graph after step *terraform.ConfigTransformer:

box_folder.vinayv9 - *terraform.NodePlannableResource
2019/04/08 17:03:45 [TRACE] Graph after step *terraform.LocalTransformer:

box_folder.vinayv9 - *terraform.NodePlannableResource
2019/04/08 17:03:45 [TRACE] Graph after step *terraform.OutputTransformer:

box_folder.vinayv9 - *terraform.NodePlannableResource
2019/04/08 17:03:45 [TRACE] Graph after step *terraform.OrphanResourceTransformer:

box_folder.vinayv9 - *terraform.NodePlannableResource
2019/04/08 17:03:45 [TRACE] Graph after step *terraform.OrphanOutputTransformer:

box_folder.vinayv9 - *terraform.NodePlannableResource
2019/04/08 17:03:45 [TRACE] AttachResourceConfigTransformer: Beginning...
2019/04/08 17:03:45 [TRACE] AttachResourceConfigTransformer: Attach resource config request: box_folder.vinayv9
2019/04/08 17:03:45 [TRACE] Attaching resource config: &config.Resource{Mode:0, Name:"vinayv9", Type:"box_folder", RawCount:(*config.RawConfig)(0xc000120230), RawConfig:(*config.RawConfig)(0xc0001201c0), Provisioners:[]*config.Provisioner(nil), Provider:"", DependsOn:[]string(nil), Lifecycle:config.ResourceLifecycle{CreateBeforeDestroy:false, PreventDestroy:false, IgnoreChanges:[]string(nil)}}
2019/04/08 17:03:45 [TRACE] Graph after step *terraform.AttachResourceConfigTransformer:

box_folder.vinayv9 - *terraform.NodePlannableResource
2019/04/08 17:03:45 [DEBUG] Resource state not found for "box_folder.vinayv9": box_folder.vinayv9
2019/04/08 17:03:45 [TRACE] Graph after step *terraform.AttachStateTransformer:

box_folder.vinayv9 - *terraform.NodePlannableResource
2019/04/08 17:03:45 [TRACE] Graph after step *terraform.RootVariableTransformer:

box_folder.vinayv9 - *terraform.NodePlannableResource
2019/04/08 17:03:45 [TRACE] ProviderConfigTransformer: Starting for path: []
2019/04/08 17:03:45 [TRACE] Attach provider request: []string{} box
2019/04/08 17:03:45 [TRACE] Attaching provider config: *config.ProviderConfig{Name:"box", Alias:"", Version:"", RawConfig:(*config.RawConfig)(0xc000120150)}
2019/04/08 17:03:45 [TRACE] Graph after step *terraform.ProviderConfigTransformer:

box_folder.vinayv9 - *terraform.NodePlannableResource
provider.box - *terraform.NodeApplyableProvider
2019/04/08 17:03:45 [TRACE] Graph after step *terraform.MissingProviderTransformer:

box_folder.vinayv9 - *terraform.NodePlannableResource
provider.box - *terraform.NodeApplyableProvider
2019/04/08 17:03:45 [DEBUG] resource box_folder.vinayv9 using provider provider.box
2019/04/08 17:03:45 [TRACE] Graph after step *terraform.ProviderTransformer:

box_folder.vinayv9 - *terraform.NodePlannableResource
  provider.box - *terraform.NodeApplyableProvider
provider.box - *terraform.NodeApplyableProvider
2019/04/08 17:03:45 [TRACE] Graph after step *terraform.PruneProviderTransformer:

box_folder.vinayv9 - *terraform.NodePlannableResource
  provider.box - *terraform.NodeApplyableProvider
provider.box - *terraform.NodeApplyableProvider
2019/04/08 17:03:45 [TRACE] Graph after step *terraform.ParentProviderTransformer:

box_folder.vinayv9 - *terraform.NodePlannableResource
  provider.box - *terraform.NodeApplyableProvider
provider.box - *terraform.NodeApplyableProvider
2019/04/08 17:03:45 [TRACE] Graph after step *terraform.graphTransformerMulti:

box_folder.vinayv9 - *terraform.NodePlannableResource
  provider.box - *terraform.NodeApplyableProvider
provider.box - *terraform.NodeApplyableProvider
2019/04/08 17:03:45 [TRACE] Graph after step *terraform.ModuleVariableTransformer:

box_folder.vinayv9 - *terraform.NodePlannableResource
  provider.box - *terraform.NodeApplyableProvider
provider.box - *terraform.NodeApplyableProvider
2019/04/08 17:03:45 [TRACE] Graph after step *terraform.RemovedModuleTransformer:

box_folder.vinayv9 - *terraform.NodePlannableResource
  provider.box - *terraform.NodeApplyableProvider
provider.box - *terraform.NodeApplyableProvider
2019/04/08 17:03:45 [DEBUG] ReferenceTransformer: "box_folder.vinayv9" references: []
2019/04/08 17:03:45 [DEBUG] ReferenceTransformer: "provider.box" references: []
2019/04/08 17:03:45 [TRACE] Graph after step *terraform.ReferenceTransformer:

box_folder.vinayv9 - *terraform.NodePlannableResource
  provider.box - *terraform.NodeApplyableProvider
provider.box - *terraform.NodeApplyableProvider
2019/04/08 17:03:45 [TRACE] Graph after step *terraform.CountBoundaryTransformer:

box_folder.vinayv9 - *terraform.NodePlannableResource
  provider.box - *terraform.NodeApplyableProvider
meta.count-boundary (count boundary fixup) - *terraform.NodeCountBoundary
  box_folder.vinayv9 - *terraform.NodePlannableResource
  provider.box - *terraform.NodeApplyableProvider
provider.box - *terraform.NodeApplyableProvider
2019/04/08 17:03:45 [TRACE] Graph after step *terraform.TargetsTransformer:

box_folder.vinayv9 - *terraform.NodePlannableResource
  provider.box - *terraform.NodeApplyableProvider
meta.count-boundary (count boundary fixup) - *terraform.NodeCountBoundary
  box_folder.vinayv9 - *terraform.NodePlannableResource
  provider.box - *terraform.NodeApplyableProvider
provider.box - *terraform.NodeApplyableProvider
2019/04/08 17:03:45 [TRACE] Graph after step *terraform.CloseProviderTransformer:

box_folder.vinayv9 - *terraform.NodePlannableResource
  provider.box - *terraform.NodeApplyableProvider
meta.count-boundary (count boundary fixup) - *terraform.NodeCountBoundary
  box_folder.vinayv9 - *terraform.NodePlannableResource
  provider.box - *terraform.NodeApplyableProvider
provider.box - *terraform.NodeApplyableProvider
provider.box (close) - *terraform.graphNodeCloseProvider
  box_folder.vinayv9 - *terraform.NodePlannableResource
  provider.box - *terraform.NodeApplyableProvider
2019/04/08 17:03:45 [TRACE] Graph after step *terraform.CloseProvisionerTransformer:

box_folder.vinayv9 - *terraform.NodePlannableResource
  provider.box - *terraform.NodeApplyableProvider
meta.count-boundary (count boundary fixup) - *terraform.NodeCountBoundary
  box_folder.vinayv9 - *terraform.NodePlannableResource
  provider.box - *terraform.NodeApplyableProvider
provider.box - *terraform.NodeApplyableProvider
provider.box (close) - *terraform.graphNodeCloseProvider
  box_folder.vinayv9 - *terraform.NodePlannableResource
  provider.box - *terraform.NodeApplyableProvider
2019/04/08 17:03:45 [TRACE] Graph after step *terraform.RootTransformer:

box_folder.vinayv9 - *terraform.NodePlannableResource
  provider.box - *terraform.NodeApplyableProvider
meta.count-boundary (count boundary fixup) - *terraform.NodeCountBoundary
  box_folder.vinayv9 - *terraform.NodePlannableResource
  provider.box - *terraform.NodeApplyableProvider
provider.box - *terraform.NodeApplyableProvider
provider.box (close) - *terraform.graphNodeCloseProvider
  box_folder.vinayv9 - *terraform.NodePlannableResource
  provider.box - *terraform.NodeApplyableProvider
root - terraform.graphNodeRoot
  meta.count-boundary (count boundary fixup) - *terraform.NodeCountBoundary
  provider.box (close) - *terraform.graphNodeCloseProvider
2019/04/08 17:03:45 [TRACE] Graph after step *terraform.TransitiveReductionTransformer:

box_folder.vinayv9 - *terraform.NodePlannableResource
  provider.box - *terraform.NodeApplyableProvider
meta.count-boundary (count boundary fixup) - *terraform.NodeCountBoundary
  box_folder.vinayv9 - *terraform.NodePlannableResource
provider.box - *terraform.NodeApplyableProvider
provider.box (close) - *terraform.graphNodeCloseProvider
  box_folder.vinayv9 - *terraform.NodePlannableResource
root - terraform.graphNodeRoot
  meta.count-boundary (count boundary fixup) - *terraform.NodeCountBoundary
  provider.box (close) - *terraform.graphNodeCloseProvider
2019/04/08 17:03:45 [DEBUG] Starting graph walk: walkPlan
2019/04/08 17:03:45 [TRACE] dag/walk: added new vertex: "provider.box (close)"
2019/04/08 17:03:45 [TRACE] dag/walk: added new vertex: "root"
2019/04/08 17:03:45 [TRACE] dag/walk: added new vertex: "box_folder.vinayv9"
2019/04/08 17:03:45 [TRACE] dag/walk: added new vertex: "provider.box"
2019/04/08 17:03:45 [TRACE] dag/walk: added new vertex: "meta.count-boundary (count boundary fixup)"
2019/04/08 17:03:45 [TRACE] dag/walk: added edge: "meta.count-boundary (count boundary fixup)" waiting on "box_folder.vinayv9"
2019/04/08 17:03:45 [TRACE] dag/walk: added edge: "provider.box (close)" waiting on "box_folder.vinayv9"
2019/04/08 17:03:45 [TRACE] dag/walk: added edge: "root" waiting on "meta.count-boundary (count boundary fixup)"
2019/04/08 17:03:45 [TRACE] dag/walk: added edge: "root" waiting on "provider.box (close)"
2019/04/08 17:03:45 [TRACE] dag/walk: added edge: "box_folder.vinayv9" waiting on "provider.box"
2019/04/08 17:03:45 [TRACE] dag/walk: dependencies changed for "provider.box (close)", sending new deps
2019/04/08 17:03:45 [TRACE] dag/walk: dependencies changed for "root", sending new deps
2019/04/08 17:03:45 [TRACE] dag/walk: dependencies changed for "box_folder.vinayv9", sending new deps
2019/04/08 17:03:45 [TRACE] dag/walk: dependencies changed for "meta.count-boundary (count boundary fixup)", sending new deps
2019/04/08 17:03:45 [TRACE] dag/walk: walking "provider.box"
2019/04/08 17:03:45 [TRACE] vertex 'root.provider.box': walking
2019/04/08 17:03:45 [TRACE] vertex 'root.provider.box': evaluating
2019/04/08 17:03:45 [TRACE] [walkPlan] Entering eval tree: provider.box
2019/04/08 17:03:45 [TRACE] root: eval: *terraform.EvalSequence
2019/04/08 17:03:45 [TRACE] root: eval: *terraform.EvalInitProvider
2019/04/08 17:03:45 [TRACE] root: eval: terraform.EvalNoop
2019/04/08 17:03:45 [TRACE] root: eval: terraform.EvalNoop
2019/04/08 17:03:45 [TRACE] root: eval: *terraform.EvalOpFilter
2019/04/08 17:03:45 [TRACE] root: eval: *terraform.EvalSequence
2019/04/08 17:03:45 [TRACE] root: eval: *terraform.EvalGetProvider
2019/04/08 17:03:45 [TRACE] root: eval: *terraform.EvalInterpolateProvider
2019/04/08 17:03:45 [TRACE] root: eval: *terraform.EvalBuildProviderConfig
2019/04/08 17:03:45 [TRACE] root: eval: *terraform.EvalOpFilter
2019/04/08 17:03:45 [TRACE] root: eval: *terraform.EvalSequence
2019/04/08 17:03:45 [TRACE] root: eval: *terraform.EvalConfigProvider
2019/04/08 17:03:45 [TRACE] [walkPlan] Exiting eval tree: provider.box
2019/04/08 17:03:45 [TRACE] dag/walk: walking "box_folder.vinayv9"
2019/04/08 17:03:45 [TRACE] vertex 'root.box_folder.vinayv9': walking
2019/04/08 17:03:45 [TRACE] vertex 'root.box_folder.vinayv9': evaluating
2019/04/08 17:03:45 [TRACE] [walkPlan] Entering eval tree: box_folder.vinayv9
2019/04/08 17:03:45 [TRACE] root: eval: *terraform.EvalSequence
2019/04/08 17:03:45 [TRACE] root: eval: *terraform.EvalInterpolate
2019/04/08 17:03:45 [TRACE] root: eval: *terraform.EvalCountCheckComputed
2019/04/08 17:03:45 [TRACE] root: eval: *terraform.EvalIf
2019/04/08 17:03:45 [TRACE] root: eval: *terraform.EvalCountFixZeroOneBoundary
2019/04/08 17:03:45 [TRACE] [walkPlan] Exiting eval tree: box_folder.vinayv9
2019/04/08 17:03:45 [TRACE] vertex 'root.box_folder.vinayv9': expanding/walking dynamic subgraph
2019/04/08 17:03:45 [TRACE] Graph after step *terraform.ResourceCountTransformer:

box_folder.vinayv9 - *terraform.NodePlannableResourceInstance
2019/04/08 17:03:45 [TRACE] OrphanResourceCount: Starting...
2019/04/08 17:03:45 [TRACE] Graph after step *terraform.OrphanResourceCountTransformer:

box_folder.vinayv9 - *terraform.NodePlannableResourceInstance
2019/04/08 17:03:45 [DEBUG] Resource state not found for "box_folder.vinayv9": box_folder.vinayv9
2019/04/08 17:03:45 [TRACE] Graph after step *terraform.AttachStateTransformer:

box_folder.vinayv9 - *terraform.NodePlannableResourceInstance
2019/04/08 17:03:45 [TRACE] Graph after step *terraform.TargetsTransformer:

box_folder.vinayv9 - *terraform.NodePlannableResourceInstance
2019/04/08 17:03:45 [DEBUG] ReferenceTransformer: "box_folder.vinayv9" references: []
2019/04/08 17:03:45 [TRACE] Graph after step *terraform.ReferenceTransformer:

box_folder.vinayv9 - *terraform.NodePlannableResourceInstance
2019/04/08 17:03:45 [TRACE] Graph after step *terraform.RootTransformer:

box_folder.vinayv9 - *terraform.NodePlannableResourceInstance
2019/04/08 17:03:45 [TRACE] dag/walk: added new vertex: "box_folder.vinayv9"
2019/04/08 17:03:45 [TRACE] dag/walk: walking "box_folder.vinayv9"
2019/04/08 17:03:45 [TRACE] vertex 'root.box_folder.vinayv9': walking
2019/04/08 17:03:45 [TRACE] vertex 'root.box_folder.vinayv9': evaluating
2019/04/08 17:03:45 [TRACE] [walkPlan] Entering eval tree: box_folder.vinayv9
2019/04/08 17:03:45 [TRACE] root: eval: *terraform.EvalSequence
2019/04/08 17:03:45 [TRACE] root: eval: *terraform.EvalInterpolate
2019/04/08 17:03:45 [TRACE] root: eval: *terraform.EvalGetProvider
2019/04/08 17:03:45 [TRACE] root: eval: *terraform.EvalValidateResource
2019/04/08 17:03:45 [TRACE] root: eval: *terraform.EvalReadState
2019/04/08 17:03:45 [TRACE] root: eval: *terraform.EvalDiff
2019/04/08 17:03:45 [TRACE] root: eval: *terraform.EvalCheckPreventDestroy
2019/04/08 17:03:45 [TRACE] root: eval: *terraform.EvalWriteState
2019/04/08 17:03:45 [TRACE] root: eval: *terraform.EvalWriteDiff
2019/04/08 17:03:45 [TRACE] [walkPlan] Exiting eval tree: box_folder.vinayv9
2019/04/08 17:03:45 [TRACE] dag/walk: walking "provider.box (close)"
2019/04/08 17:03:45 [TRACE] vertex 'root.provider.box (close)': walking
2019/04/08 17:03:45 [TRACE] dag/walk: walking "meta.count-boundary (count boundary fixup)"
2019/04/08 17:03:45 [TRACE] vertex 'root.meta.count-boundary (count boundary fixup)': walking
2019/04/08 17:03:45 [TRACE] vertex 'root.meta.count-boundary (count boundary fixup)': evaluating
2019/04/08 17:03:45 [TRACE] vertex 'root.provider.box (close)': evaluating
2019/04/08 17:03:45 [TRACE] [walkPlan] Entering eval tree: provider.box (close)
2019/04/08 17:03:45 [TRACE] root: eval: *terraform.EvalCloseProvider
2019/04/08 17:03:45 [TRACE] [walkPlan] Exiting eval tree: provider.box (close)
2019/04/08 17:03:45 [TRACE] [walkPlan] Entering eval tree: meta.count-boundary (count boundary fixup)
2019/04/08 17:03:45 [TRACE] root: eval: *terraform.EvalCountFixZeroOneBoundaryGlobal
2019/04/08 17:03:45 [TRACE] [walkPlan] Exiting eval tree: meta.count-boundary (count boundary fixup)
2019/04/08 17:03:45 [TRACE] dag/walk: walking "root"
2019/04/08 17:03:45 [TRACE] vertex 'root.root': walking
2019/04/08 17:03:45 [DEBUG] command: asking for input: "Do you want to perform these actions?"
2019/04/08 17:03:48 [INFO] terraform: building graph: GraphTypeApply
2019/04/08 17:03:48 [TRACE] DiffTransformer: starting
2019/04/08 17:03:48 [TRACE] DiffTransformer: Module: CREATE: box_folder.vinayv9
  name:   "" => "voteForChange"
  parent: "" => "0"
2019/04/08 17:03:48 [TRACE] DiffTransformer: Resource "box_folder.vinayv9": *terraform.InstanceDiff{mu:sync.Mutex{state:0, sema:0x0}, Attributes:map[string]*terraform.ResourceAttrDiff{"id":*terraform.ResourceAttrDiff{Old:"", New:"", NewComputed:true, NewRemoved:false, NewExtra:interface {}(nil), RequiresNew:true, Sensitive:false, Type:0x2}, "name":*terraform.ResourceAttrDiff{Old:"", New:"voteForChange", NewComputed:false, NewRemoved:false, NewExtra:interface {}(nil), RequiresNew:false, Sensitive:false, Type:0x0}, "parent":*terraform.ResourceAttrDiff{Old:"", New:"0", NewComputed:false, NewRemoved:false, NewExtra:interface {}(nil), RequiresNew:false, Sensitive:false, Type:0x0}}, Destroy:false, DestroyDeposed:false, DestroyTainted:false, Meta:map[string]interface {}(nil)}
2019/04/08 17:03:48 [TRACE] Graph after step *terraform.DiffTransformer:

box_folder.vinayv9 - *terraform.NodeApplyableResource
2019/04/08 17:03:48 [TRACE] Graph after step *terraform.OrphanOutputTransformer:

box_folder.vinayv9 - *terraform.NodeApplyableResource
2019/04/08 17:03:48 [TRACE] AttachResourceConfigTransformer: Beginning...
2019/04/08 17:03:48 [TRACE] AttachResourceConfigTransformer: Attach resource config request: box_folder.vinayv9
2019/04/08 17:03:48 [TRACE] Attaching resource config: &config.Resource{Mode:0, Name:"vinayv9", Type:"box_folder", RawCount:(*config.RawConfig)(0xc000120230), RawConfig:(*config.RawConfig)(0xc0001201c0), Provisioners:[]*config.Provisioner(nil), Provider:"", DependsOn:[]string(nil), Lifecycle:config.ResourceLifecycle{CreateBeforeDestroy:false, PreventDestroy:false, IgnoreChanges:[]string(nil)}}
2019/04/08 17:03:48 [TRACE] Graph after step *terraform.AttachResourceConfigTransformer:

box_folder.vinayv9 - *terraform.NodeApplyableResource
2019/04/08 17:03:48 [DEBUG] Resource state not found for "box_folder.vinayv9": box_folder.vinayv9
2019/04/08 17:03:48 [TRACE] Graph after step *terraform.AttachStateTransformer:

box_folder.vinayv9 - *terraform.NodeApplyableResource
2019/04/08 17:03:48 [TRACE] ProviderConfigTransformer: Starting for path: []
2019/04/08 17:03:48 [TRACE] Attach provider request: []string{} box
2019/04/08 17:03:48 [TRACE] Attaching provider config: *config.ProviderConfig{Name:"box", Alias:"", Version:"", RawConfig:(*config.RawConfig)(0xc000120150)}
2019/04/08 17:03:48 [TRACE] Graph after step *terraform.ProviderConfigTransformer:

box_folder.vinayv9 - *terraform.NodeApplyableResource
provider.box - *terraform.NodeApplyableProvider
2019/04/08 17:03:48 [TRACE] Graph after step *terraform.MissingProviderTransformer:

box_folder.vinayv9 - *terraform.NodeApplyableResource
provider.box - *terraform.NodeApplyableProvider
2019/04/08 17:03:48 [DEBUG] resource box_folder.vinayv9 using provider provider.box
2019/04/08 17:03:48 [TRACE] Graph after step *terraform.ProviderTransformer:

box_folder.vinayv9 - *terraform.NodeApplyableResource
  provider.box - *terraform.NodeApplyableProvider
provider.box - *terraform.NodeApplyableProvider
2019/04/08 17:03:48 [TRACE] Graph after step *terraform.PruneProviderTransformer:

box_folder.vinayv9 - *terraform.NodeApplyableResource
  provider.box - *terraform.NodeApplyableProvider
provider.box - *terraform.NodeApplyableProvider
2019/04/08 17:03:48 [TRACE] Graph after step *terraform.ParentProviderTransformer:

box_folder.vinayv9 - *terraform.NodeApplyableResource
  provider.box - *terraform.NodeApplyableProvider
provider.box - *terraform.NodeApplyableProvider
2019/04/08 17:03:48 [TRACE] Graph after step *terraform.graphTransformerMulti:

box_folder.vinayv9 - *terraform.NodeApplyableResource
  provider.box - *terraform.NodeApplyableProvider
provider.box - *terraform.NodeApplyableProvider
2019/04/08 17:03:48 [TRACE] DestroyEdgeTransformer: Beginning destroy edge transformation...
2019/04/08 17:03:48 [TRACE] Graph after step *terraform.DestroyEdgeTransformer:

box_folder.vinayv9 - *terraform.NodeApplyableResource
  provider.box - *terraform.NodeApplyableProvider
provider.box - *terraform.NodeApplyableProvider
2019/04/08 17:03:48 [TRACE] CBDEdgeTransformer: Beginning CBD transformation...
2019/04/08 17:03:48 [TRACE] Graph after step *terraform.CBDEdgeTransformer:

box_folder.vinayv9 - *terraform.NodeApplyableResource
  provider.box - *terraform.NodeApplyableProvider
provider.box - *terraform.NodeApplyableProvider
2019/04/08 17:03:48 [TRACE] Graph after step *terraform.MissingProvisionerTransformer:

box_folder.vinayv9 - *terraform.NodeApplyableResource
  provider.box - *terraform.NodeApplyableProvider
provider.box - *terraform.NodeApplyableProvider
2019/04/08 17:03:48 [TRACE] Graph after step *terraform.ProvisionerTransformer:

box_folder.vinayv9 - *terraform.NodeApplyableResource
  provider.box - *terraform.NodeApplyableProvider
provider.box - *terraform.NodeApplyableProvider
2019/04/08 17:03:48 [TRACE] Graph after step *terraform.RootVariableTransformer:

box_folder.vinayv9 - *terraform.NodeApplyableResource
  provider.box - *terraform.NodeApplyableProvider
provider.box - *terraform.NodeApplyableProvider
2019/04/08 17:03:48 [TRACE] Graph after step *terraform.LocalTransformer:

box_folder.vinayv9 - *terraform.NodeApplyableResource
  provider.box - *terraform.NodeApplyableProvider
provider.box - *terraform.NodeApplyableProvider
2019/04/08 17:03:48 [TRACE] Graph after step *terraform.OutputTransformer:

box_folder.vinayv9 - *terraform.NodeApplyableResource
  provider.box - *terraform.NodeApplyableProvider
provider.box - *terraform.NodeApplyableProvider
2019/04/08 17:03:48 [TRACE] Graph after step *terraform.ModuleVariableTransformer:

box_folder.vinayv9 - *terraform.NodeApplyableResource
  provider.box - *terraform.NodeApplyableProvider
provider.box - *terraform.NodeApplyableProvider
2019/04/08 17:03:48 [TRACE] Graph after step *terraform.RemovedModuleTransformer:

box_folder.vinayv9 - *terraform.NodeApplyableResource
  provider.box - *terraform.NodeApplyableProvider
provider.box - *terraform.NodeApplyableProvider
2019/04/08 17:03:48 [DEBUG] ReferenceTransformer: "box_folder.vinayv9" references: []
2019/04/08 17:03:48 [DEBUG] ReferenceTransformer: "provider.box" references: []
2019/04/08 17:03:48 [TRACE] Graph after step *terraform.ReferenceTransformer:

box_folder.vinayv9 - *terraform.NodeApplyableResource
  provider.box - *terraform.NodeApplyableProvider
provider.box - *terraform.NodeApplyableProvider
2019/04/08 17:03:48 [TRACE] Graph after step *terraform.CountBoundaryTransformer:

box_folder.vinayv9 - *terraform.NodeApplyableResource
  provider.box - *terraform.NodeApplyableProvider
meta.count-boundary (count boundary fixup) - *terraform.NodeCountBoundary
  box_folder.vinayv9 - *terraform.NodeApplyableResource
  provider.box - *terraform.NodeApplyableProvider
provider.box - *terraform.NodeApplyableProvider
2019/04/08 17:03:48 [TRACE] Graph after step *terraform.TargetsTransformer:

box_folder.vinayv9 - *terraform.NodeApplyableResource
  provider.box - *terraform.NodeApplyableProvider
meta.count-boundary (count boundary fixup) - *terraform.NodeCountBoundary
  box_folder.vinayv9 - *terraform.NodeApplyableResource
  provider.box - *terraform.NodeApplyableProvider
provider.box - *terraform.NodeApplyableProvider
2019/04/08 17:03:48 [TRACE] Graph after step *terraform.CloseProviderTransformer:

box_folder.vinayv9 - *terraform.NodeApplyableResource
  provider.box - *terraform.NodeApplyableProvider
meta.count-boundary (count boundary fixup) - *terraform.NodeCountBoundary
  box_folder.vinayv9 - *terraform.NodeApplyableResource
  provider.box - *terraform.NodeApplyableProvider
provider.box - *terraform.NodeApplyableProvider
provider.box (close) - *terraform.graphNodeCloseProvider
  box_folder.vinayv9 - *terraform.NodeApplyableResource
  provider.box - *terraform.NodeApplyableProvider
2019/04/08 17:03:48 [TRACE] Graph after step *terraform.CloseProvisionerTransformer:

box_folder.vinayv9 - *terraform.NodeApplyableResource
  provider.box - *terraform.NodeApplyableProvider
meta.count-boundary (count boundary fixup) - *terraform.NodeCountBoundary
  box_folder.vinayv9 - *terraform.NodeApplyableResource
  provider.box - *terraform.NodeApplyableProvider
provider.box - *terraform.NodeApplyableProvider
provider.box (close) - *terraform.graphNodeCloseProvider
  box_folder.vinayv9 - *terraform.NodeApplyableResource
  provider.box - *terraform.NodeApplyableProvider
2019/04/08 17:03:48 [TRACE] Graph after step *terraform.RootTransformer:

box_folder.vinayv9 - *terraform.NodeApplyableResource
  provider.box - *terraform.NodeApplyableProvider
meta.count-boundary (count boundary fixup) - *terraform.NodeCountBoundary
  box_folder.vinayv9 - *terraform.NodeApplyableResource
  provider.box - *terraform.NodeApplyableProvider
provider.box - *terraform.NodeApplyableProvider
provider.box (close) - *terraform.graphNodeCloseProvider
  box_folder.vinayv9 - *terraform.NodeApplyableResource
  provider.box - *terraform.NodeApplyableProvider
root - terraform.graphNodeRoot
  meta.count-boundary (count boundary fixup) - *terraform.NodeCountBoundary
  provider.box (close) - *terraform.graphNodeCloseProvider
2019/04/08 17:03:48 [TRACE] Graph after step *terraform.TransitiveReductionTransformer:

box_folder.vinayv9 - *terraform.NodeApplyableResource
  provider.box - *terraform.NodeApplyableProvider
meta.count-boundary (count boundary fixup) - *terraform.NodeCountBoundary
  box_folder.vinayv9 - *terraform.NodeApplyableResource
provider.box - *terraform.NodeApplyableProvider
provider.box (close) - *terraform.graphNodeCloseProvider
  box_folder.vinayv9 - *terraform.NodeApplyableResource
root - terraform.graphNodeRoot
  meta.count-boundary (count boundary fixup) - *terraform.NodeCountBoundary
  provider.box (close) - *terraform.graphNodeCloseProvider
2019/04/08 17:03:48 [DEBUG] Starting graph walk: walkApply
2019/04/08 17:03:48 [TRACE] dag/walk: added new vertex: "provider.box (close)"
2019/04/08 17:03:48 [TRACE] dag/walk: added new vertex: "root"
2019/04/08 17:03:48 [TRACE] dag/walk: added new vertex: "box_folder.vinayv9"
2019/04/08 17:03:48 [TRACE] dag/walk: added new vertex: "provider.box"
2019/04/08 17:03:48 [TRACE] dag/walk: added new vertex: "meta.count-boundary (count boundary fixup)"
2019/04/08 17:03:48 [TRACE] dag/walk: added edge: "box_folder.vinayv9" waiting on "provider.box"
2019/04/08 17:03:48 [TRACE] dag/walk: added edge: "meta.count-boundary (count boundary fixup)" waiting on "box_folder.vinayv9"
2019/04/08 17:03:48 [TRACE] dag/walk: added edge: "provider.box (close)" waiting on "box_folder.vinayv9"
2019/04/08 17:03:48 [TRACE] dag/walk: added edge: "root" waiting on "meta.count-boundary (count boundary fixup)"
2019/04/08 17:03:48 [TRACE] dag/walk: added edge: "root" waiting on "provider.box (close)"
2019/04/08 17:03:48 [TRACE] dag/walk: dependencies changed for "box_folder.vinayv9", sending new deps
2019/04/08 17:03:48 [TRACE] dag/walk: dependencies changed for "meta.count-boundary (count boundary fixup)", sending new deps
2019/04/08 17:03:48 [TRACE] dag/walk: dependencies changed for "provider.box (close)", sending new deps
2019/04/08 17:03:48 [TRACE] dag/walk: dependencies changed for "root", sending new deps
2019/04/08 17:03:48 [TRACE] dag/walk: walking "provider.box"
2019/04/08 17:03:48 [TRACE] vertex 'root.provider.box': walking
2019/04/08 17:03:48 [TRACE] vertex 'root.provider.box': evaluating
2019/04/08 17:03:48 [TRACE] [walkApply] Entering eval tree: provider.box
2019/04/08 17:03:48 [TRACE] root: eval: *terraform.EvalSequence
2019/04/08 17:03:48 [TRACE] root: eval: *terraform.EvalInitProvider
2019/04/08 17:03:48 [TRACE] root: eval: terraform.EvalNoop
2019/04/08 17:03:48 [TRACE] root: eval: terraform.EvalNoop
2019/04/08 17:03:48 [TRACE] root: eval: *terraform.EvalOpFilter
2019/04/08 17:03:48 [TRACE] root: eval: *terraform.EvalSequence
2019/04/08 17:03:48 [TRACE] root: eval: *terraform.EvalGetProvider
2019/04/08 17:03:48 [TRACE] root: eval: *terraform.EvalInterpolateProvider
2019/04/08 17:03:48 [TRACE] root: eval: *terraform.EvalBuildProviderConfig
2019/04/08 17:03:48 [TRACE] root: eval: *terraform.EvalOpFilter
2019/04/08 17:03:48 [TRACE] root: eval: *terraform.EvalSequence
2019/04/08 17:03:48 [TRACE] root: eval: *terraform.EvalConfigProvider
2019/04/08 17:03:48 [TRACE] [walkApply] Exiting eval tree: provider.box
2019/04/08 17:03:48 [TRACE] dag/walk: walking "box_folder.vinayv9"
2019/04/08 17:03:48 [TRACE] vertex 'root.box_folder.vinayv9': walking
2019/04/08 17:03:48 [TRACE] vertex 'root.box_folder.vinayv9': evaluating
2019/04/08 17:03:48 [TRACE] [walkApply] Entering eval tree: box_folder.vinayv9
2019/04/08 17:03:48 [TRACE] root: eval: *terraform.EvalSequence
2019/04/08 17:03:48 [TRACE] root: eval: *terraform.EvalInstanceInfo
2019/04/08 17:03:48 [TRACE] root: eval: *terraform.EvalReadDiff
2019/04/08 17:03:48 [TRACE] root: eval: *terraform.EvalIf
2019/04/08 17:03:48 [TRACE] root: eval: terraform.EvalNoop
2019/04/08 17:03:48 [TRACE] root: eval: *terraform.EvalIf
2019/04/08 17:03:48 [TRACE] root: eval: *terraform.EvalInterpolate
2019/04/08 17:03:48 [TRACE] root: eval: *terraform.EvalInterpolate
2019/04/08 17:03:48 [TRACE] root: eval: *terraform.EvalGetProvider
2019/04/08 17:03:48 [TRACE] root: eval: *terraform.EvalReadState
2019/04/08 17:03:48 [TRACE] root: eval: *terraform.EvalValidateResource
2019/04/08 17:03:48 [TRACE] root: eval: *terraform.EvalDiff
2019/04/08 17:03:48 [TRACE] root: eval: *terraform.EvalReadDiff
2019/04/08 17:03:48 [TRACE] root: eval: *terraform.EvalCompareDiff
2019/04/08 17:03:48 [TRACE] root: eval: *terraform.EvalGetProvider
2019/04/08 17:03:48 [TRACE] root: eval: *terraform.EvalReadState
2019/04/08 17:03:48 [TRACE] root: eval: *terraform.EvalApplyPre
2019/04/08 17:03:48 [TRACE] root: eval: *terraform.EvalApply
2019/04/08 17:03:48 [DEBUG] apply: box_folder.vinayv9: executing Apply
2019-04-08T17:03:48.594+0530 [DEBUG] plugin.terraform-provider-box: panic: interface conversion: interface {} is nil, not string
2019-04-08T17:03:48.594+0530 [DEBUG] plugin.terraform-provider-box: 
2019-04-08T17:03:48.594+0530 [DEBUG] plugin.terraform-provider-box: goroutine 60 [running]:
2019-04-08T17:03:48.595+0530 [DEBUG] plugin.terraform-provider-box: main.resourceBoxFolderCreate(0xc00049e000, 0x19e86c0, 0xc00042ffb0, 0x2, 0x24c2ec0)
2019-04-08T17:03:48.595+0530 [DEBUG] plugin.terraform-provider-box: 	/Users/vinay/Documents/projects/terraform/week3/resource_box_folder.go:32 +0x167
2019-04-08T17:03:48.595+0530 [DEBUG] plugin.terraform-provider-box: github.com/hashicorp/terraform/helper/schema.(*Resource).Apply(0xc0001a1180, 0xc0003b8640, 0xc0003b7a80, 0x19e86c0, 0xc00042ffb0, 0xc0000a4401, 0xc000391ad0, 0x1)
2019-04-08T17:03:48.595+0530 [DEBUG] plugin.terraform-provider-box: 	/Users/vinay/Documents/projects/terraform/go/src/github.com/hashicorp/terraform/helper/schema/resource.go:288 +0x3b4
2019-04-08T17:03:48.595+0530 [DEBUG] plugin.terraform-provider-box: github.com/hashicorp/terraform/helper/schema.(*Provider).Apply(0xc0001a1200, 0xc0003b85f0, 0xc0003b8640, 0xc0003b7a80, 0xc00049a2d0, 0xc00035fe90, 0x18)
2019-04-08T17:03:48.595+0530 [DEBUG] plugin.terraform-provider-box: 	/Users/vinay/Documents/projects/terraform/go/src/github.com/hashicorp/terraform/helper/schema/provider.go:285 +0x18f
2019-04-08T17:03:48.595+0530 [DEBUG] plugin.terraform-provider-box: github.com/hashicorp/terraform/plugin.(*ResourceProviderServer).Apply(0xc000424a40, 0xc0003b7660, 0xc0003bd910, 0x0, 0x0)
2019-04-08T17:03:48.595+0530 [DEBUG] plugin.terraform-provider-box: 	/Users/vinay/Documents/projects/terraform/go/src/github.com/hashicorp/terraform/plugin/resource_provider.go:530 +0x57
2019-04-08T17:03:48.595+0530 [DEBUG] plugin.terraform-provider-box: reflect.Value.call(0xc0000c51a0, 0xc000410488, 0x13, 0x1af7d7f, 0x4, 0xc000391f18, 0x3, 0x3, 0xc0003baec0, 0xc0003bd0a0, ...)
2019-04-08T17:03:48.595+0530 [DEBUG] plugin.terraform-provider-box: 	/usr/local/Cellar/go/1.12.1/libexec/src/reflect/value.go:447 +0x461
2019-04-08T17:03:48.595+0530 [DEBUG] plugin.terraform-provider-box: reflect.Value.Call(0xc0000c51a0, 0xc000410488, 0x13, 0xc0000c7718, 0x3, 0x3, 0x1, 0x0, 0x0)
2019-04-08T17:03:48.595+0530 [DEBUG] plugin.terraform-provider-box: 	/usr/local/Cellar/go/1.12.1/libexec/src/reflect/value.go:308 +0xa4
2019-04-08T17:03:48.595+0530 [DEBUG] plugin.terraform-provider-box: net/rpc.(*service).call(0xc000405340, 0xc00040e370, 0xc00043e520, 0xc00043e530, 0xc000470900, 0xc00040d400, 0x1953480, 0xc0003b7660, 0x16, 0x19534c0, ...)
2019-04-08T17:03:48.595+0530 [DEBUG] plugin.terraform-provider-box: 	/usr/local/Cellar/go/1.12.1/libexec/src/net/rpc/server.go:384 +0x14e
2019-04-08T17:03:48.595+0530 [DEBUG] plugin.terraform-provider-box: created by net/rpc.(*Server).ServeCodec
2019-04-08T17:03:48.595+0530 [DEBUG] plugin.terraform-provider-box: 	/usr/local/Cellar/go/1.12.1/libexec/src/net/rpc/server.go:481 +0x42b
2019/04/08 17:03:48 [TRACE] root: eval: *terraform.EvalWriteState
2019/04/08 17:03:48 [TRACE] root: eval: *terraform.EvalApplyProvisioners
2019/04/08 17:03:48 [TRACE] root: eval: *terraform.EvalIf
2019/04/08 17:03:48 [TRACE] root: eval: *terraform.EvalWriteState
2019/04/08 17:03:48 [TRACE] root: eval: *terraform.EvalWriteDiff
2019/04/08 17:03:48 [TRACE] root: eval: *terraform.EvalApplyPost
2019/04/08 17:03:48 [ERROR] root: eval: *terraform.EvalApplyPost, err: 1 error(s) occurred:

* box_folder.vinayv9: unexpected EOF
2019/04/08 17:03:48 [ERROR] root: eval: *terraform.EvalSequence, err: 1 error(s) occurred:

* box_folder.vinayv9: unexpected EOF
2019/04/08 17:03:48 [TRACE] [walkApply] Exiting eval tree: box_folder.vinayv9
2019/04/08 17:03:48 [TRACE] dag/walk: upstream errored, not walking "meta.count-boundary (count boundary fixup)"
2019/04/08 17:03:48 [TRACE] dag/walk: upstream errored, not walking "provider.box (close)"
2019/04/08 17:03:48 [TRACE] dag/walk: upstream errored, not walking "root"
2019-04-08T17:03:48.597+0530 [DEBUG] plugin: plugin process exited: path=/Users/vinay/Documents/projects/terraform/week3/terraform-provider-box
2019/04/08 17:03:48 [TRACE] Preserving existing state lineage "fbca1bdd-b64f-39ef-f081-3eedef1c431e"
2019/04/08 17:03:48 [DEBUG] plugin: waiting for all plugin processes to complete...
2019-04-08T17:03:48.612+0530 [WARN ] plugin: error closing client during Kill: err="connection is shut down"
